[INFO] Scanning for projects...
[INFO] 
[INFO] ----------------------< org.revature:Challenges >-----------------------
[INFO] Building Challenges 1.1
[INFO] --------------------------------[ jar ]---------------------------------
Downloading from central: https://repo.maven.apache.org/maven2/org/apache/maven/plugins/maven-surefire-plugin/3.0.0-M7/maven-surefire-plugin-3.0.0-M7.pom
Progress (1): 2.7/7.2 kBProgress (1): 5.5/7.2 kBProgress (1): 7.2 kB                        Downloaded from central: https://repo.maven.apache.org/maven2/org/apache/maven/plugins/maven-surefire-plugin/3.0.0-M7/maven-surefire-plugin-3.0.0-M7.pom (7.2 kB at 19 kB/s)
Downloading from central: https://repo.maven.apache.org/maven2/org/apache/maven/surefire/surefire/3.0.0-M7/surefire-3.0.0-M7.pom
Progress (1): 2.7/22 kBProgress (1): 5.5/22 kBProgress (1): 8.2/22 kBProgress (1): 11/22 kB Progress (1): 14/22 kBProgress (1): 16/22 kBProgress (1): 19/22 kBProgress (1): 21/22 kBProgress (1): 22 kB                      Downloaded from central: https://repo.maven.apache.org/maven2/org/apache/maven/surefire/surefire/3.0.0-M7/surefire-3.0.0-M7.pom (22 kB at 638 kB/s)
Downloading from central: https://repo.maven.apache.org/maven2/org/apache/maven/maven-parent/36/maven-parent-36.pom
Progress (1): 4.1/45 kBProgress (1): 8.2/45 kBProgress (1): 12/45 kB Progress (1): 16/45 kBProgress (1): 20/45 kBProgress (1): 25/45 kBProgress (1): 29/45 kBProgress (1): 33/45 kBProgress (1): 37/45 kBProgress (1): 41/45 kBProgress (1): 45/45 kBProgress (1): 45 kB                      Downloaded from central: https://repo.maven.apache.org/maven2/org/apache/maven/maven-parent/36/maven-parent-36.pom (45 kB at 623 kB/s)
Downloading from central: https://repo.maven.apache.org/maven2/org/apache/apache/26/apache-26.pom
Progress (1): 4.1/21 kBProgress (1): 8.2/21 kBProgress (1): 12/21 kB Progress (1): 16/21 kBProgress (1): 20/21 kBProgress (1): 21 kB                      Downloaded from central: https://repo.maven.apache.org/maven2/org/apache/apache/26/apache-26.pom (21 kB at 790 kB/s)
[INFO] 
[INFO] --- maven-resources-plugin:2.6:resources (default-resources) @ Challenges ---
[WARNING] Using platform encoding (UTF-8 actually) to copy filtered resources, i.e. build is platform dependent!
[INFO] Copying 1 resource
[INFO] 
[INFO] --- maven-compiler-plugin:3.1:compile (default-compile) @ Challenges ---
[INFO] Changes detected - recompiling the module!
[WARNING] File encoding has not been set, using platform encoding UTF-8, i.e. build is platform dependent!
[INFO] Compiling 9 source files to /workspace/iceage31580-pep-project/target/classes
[INFO] 
[INFO] --- maven-resources-plugin:2.6:testResources (default-testResources) @ Challenges ---
[WARNING] Using platform encoding (UTF-8 actually) to copy filtered resources, i.e. build is platform dependent!
[INFO] skip non existing resourceDirectory /workspace/iceage31580-pep-project/src/test/resources
[INFO] 
[INFO] --- maven-compiler-plugin:3.1:testCompile (default-testCompile) @ Challenges ---
[INFO] Changes detected - recompiling the module!
[WARNING] File encoding has not been set, using platform encoding UTF-8, i.e. build is platform dependent!
[INFO] Compiling 2 source files to /workspace/iceage31580-pep-project/target/test-classes
[INFO] 
[INFO] --- maven-surefire-plugin:3.0.0-M7:test (default-test) @ Challenges ---
Downloading from central: https://repo.maven.apache.org/maven2/org/apache/maven/surefire/surefire-junit47/3.0.0-M7/surefire-junit47-3.0.0-M7.pom
Progress (1): 4.0 kB                    Downloaded from central: https://repo.maven.apache.org/maven2/org/apache/maven/surefire/surefire-junit47/3.0.0-M7/surefire-junit47-3.0.0-M7.pom (4.0 kB at 45 kB/s)
Downloading from central: https://repo.maven.apache.org/maven2/org/apache/maven/surefire/surefire-providers/3.0.0-M7/surefire-providers-3.0.0-M7.pom
Progress (1): 2.5 kB                    Downloaded from central: https://repo.maven.apache.org/maven2/org/apache/maven/surefire/surefire-providers/3.0.0-M7/surefire-providers-3.0.0-M7.pom (2.5 kB at 106 kB/s)
Downloading from central: https://repo.maven.apache.org/maven2/org/apache/maven/surefire/common-junit48/3.0.0-M7/common-junit48-3.0.0-M7.pom
Progress (1): 4.1/7.9 kBProgress (1): 7.9 kB                        Downloaded from central: https://repo.maven.apache.org/maven2/org/apache/maven/surefire/common-junit48/3.0.0-M7/common-junit48-3.0.0-M7.pom (7.9 kB at 342 kB/s)
Downloading from central: https://repo.maven.apache.org/maven2/org/apache/maven/surefire/common-junit4/3.0.0-M7/common-junit4-3.0.0-M7.pom
Progress (1): 3.0 kB                    Downloaded from central: https://repo.maven.apache.org/maven2/org/apache/maven/surefire/common-junit4/3.0.0-M7/common-junit4-3.0.0-M7.pom (3.0 kB at 125 kB/s)
Downloading from central: https://repo.maven.apache.org/maven2/org/apache/maven/surefire/common-junit3/3.0.0-M7/common-junit3-3.0.0-M7.pom
Progress (1): 2.7 kB                    Downloaded from central: https://repo.maven.apache.org/maven2/org/apache/maven/surefire/common-junit3/3.0.0-M7/common-junit3-3.0.0-M7.pom (2.7 kB at 106 kB/s)
Downloading from central: https://repo.maven.apache.org/maven2/org/apache/maven/surefire/surefire-api/3.0.0-M7/surefire-api-3.0.0-M7.pom
Progress (1): 3.4 kB                    Downloaded from central: https://repo.maven.apache.org/maven2/org/apache/maven/surefire/surefire-api/3.0.0-M7/surefire-api-3.0.0-M7.pom (3.4 kB at 141 kB/s)
Downloading from central: https://repo.maven.apache.org/maven2/org/apache/maven/surefire/surefire-logger-api/3.0.0-M7/surefire-logger-api-3.0.0-M7.pom
Progress (1): 3.6 kB                    Downloaded from central: https://repo.maven.apache.org/maven2/org/apache/maven/surefire/surefire-logger-api/3.0.0-M7/surefire-logger-api-3.0.0-M7.pom (3.6 kB at 130 kB/s)
Downloading from central: https://repo.maven.apache.org/maven2/org/apache/maven/surefire/surefire-shared-utils/3.0.0-M7/surefire-shared-utils-3.0.0-M7.pom
Progress (1): 3.9 kB                    Downloaded from central: https://repo.maven.apache.org/maven2/org/apache/maven/surefire/surefire-shared-utils/3.0.0-M7/surefire-shared-utils-3.0.0-M7.pom (3.9 kB at 162 kB/s)
Downloading from central: https://repo.maven.apache.org/maven2/org/apache/maven/surefire/common-java5/3.0.0-M7/common-java5-3.0.0-M7.pom
Progress (1): 2.7 kB                    Downloaded from central: https://repo.maven.apache.org/maven2/org/apache/maven/surefire/common-java5/3.0.0-M7/common-java5-3.0.0-M7.pom (2.7 kB at 112 kB/s)
Downloading from central: https://repo.maven.apache.org/maven2/org/apache/maven/surefire/surefire-grouper/3.0.0-M7/surefire-grouper-3.0.0-M7.pom
Progress (1): 3.3 kB                    Downloaded from central: https://repo.maven.apache.org/maven2/org/apache/maven/surefire/surefire-grouper/3.0.0-M7/surefire-grouper-3.0.0-M7.pom (3.3 kB at 134 kB/s)
Downloading from central: https://repo.maven.apache.org/maven2/org/apache/maven/surefire/maven-surefire-common/3.0.0-M7/maven-surefire-common-3.0.0-M7.pom
Progress (1): 4.1/6.5 kBProgress (1): 6.5 kB                        Downloaded from central: https://repo.maven.apache.org/maven2/org/apache/maven/surefire/maven-surefire-common/3.0.0-M7/maven-surefire-common-3.0.0-M7.pom (6.5 kB at 249 kB/s)
Downloading from central: https://repo.maven.apache.org/maven2/org/apache/maven/surefire/surefire-extensions-api/3.0.0-M7/surefire-extensions-api-3.0.0-M7.pom
Progress (1): 3.6 kB                    Downloaded from central: https://repo.maven.apache.org/maven2/org/apache/maven/surefire/surefire-extensions-api/3.0.0-M7/surefire-extensions-api-3.0.0-M7.pom (3.6 kB at 146 kB/s)
Downloading from central: https://repo.maven.apache.org/maven2/org/apache/maven/surefire/surefire-booter/3.0.0-M7/surefire-booter-3.0.0-M7.pom
Progress (1): 4.1/4.4 kBProgress (1): 4.4 kB                        Downloaded from central: https://repo.maven.apache.org/maven2/org/apache/maven/surefire/surefire-booter/3.0.0-M7/surefire-booter-3.0.0-M7.pom (4.4 kB at 182 kB/s)
Downloading from central: https://repo.maven.apache.org/maven2/org/apache/maven/surefire/surefire-extensions-spi/3.0.0-M7/surefire-extensions-spi-3.0.0-M7.pom
Progress (1): 1.8 kB                    Downloaded from central: https://repo.maven.apache.org/maven2/org/apache/maven/surefire/surefire-extensions-spi/3.0.0-M7/surefire-extensions-spi-3.0.0-M7.pom (1.8 kB at 60 kB/s)
Downloading from central: https://repo.maven.apache.org/maven2/org/apache/maven/shared/maven-common-artifact-filters/3.1.1/maven-common-artifact-filters-3.1.1.pom
Progress (1): 4.1/5.8 kBProgress (1): 5.8 kB                        Downloaded from central: https://repo.maven.apache.org/maven2/org/apache/maven/shared/maven-common-artifact-filters/3.1.1/maven-common-artifact-filters-3.1.1.pom (5.8 kB at 264 kB/s)
Downloading from central: https://repo.maven.apache.org/maven2/org/apache/maven/shared/maven-shared-components/34/maven-shared-components-34.pom
Progress (1): 4.1/5.1 kBProgress (1): 5.1 kB                        Downloaded from central: https://repo.maven.apache.org/maven2/org/apache/maven/shared/maven-shared-components/34/maven-shared-components-34.pom (5.1 kB at 222 kB/s)
Downloading from central: https://repo.maven.apache.org/maven2/org/apache/maven/maven-parent/34/maven-parent-34.pom
Progress (1): 4.1/43 kBProgress (1): 8.2/43 kBProgress (1): 12/43 kB Progress (1): 16/43 kBProgress (1): 20/43 kBProgress (1): 25/43 kBProgress (1): 29/43 kBProgress (1): 33/43 kBProgress (1): 37/43 kBProgress (1): 41/43 kBProgress (1): 43 kB                      Downloaded from central: https://repo.maven.apache.org/maven2/org/apache/maven/maven-parent/34/maven-parent-34.pom (43 kB at 1.8 MB/s)
Downloading from central: https://repo.maven.apache.org/maven2/org/apache/apache/23/apache-23.pom
Progress (1): 4.1/18 kBProgress (1): 8.2/18 kBProgress (1): 12/18 kB Progress (1): 16/18 kBProgress (1): 18 kB                      Downloaded from central: https://repo.maven.apache.org/maven2/org/apache/apache/23/apache-23.pom (18 kB at 837 kB/s)
Downloading from central: https://repo.maven.apache.org/maven2/org/apache/maven/maven-artifact/3.2.5/maven-artifact-3.2.5.pom
Progress (1): 2.3 kB                    Downloaded from central: https://repo.maven.apache.org/maven2/org/apache/maven/maven-artifact/3.2.5/maven-artifact-3.2.5.pom (2.3 kB at 107 kB/s)
Downloading from central: https://repo.maven.apache.org/maven2/org/apache/maven/maven/3.2.5/maven-3.2.5.pom
Progress (1): 4.1/22 kBProgress (1): 8.2/22 kBProgress (1): 12/22 kB Progress (1): 16/22 kBProgress (1): 20/22 kBProgress (1): 22 kB                      Downloaded from central: https://repo.maven.apache.org/maven2/org/apache/maven/maven/3.2.5/maven-3.2.5.pom (22 kB at 1.0 MB/s)
Downloading from central: https://repo.maven.apache.org/maven2/org/apache/maven/maven-parent/25/maven-parent-25.pom
Progress (1): 4.1/37 kBProgress (1): 8.2/37 kBProgress (1): 12/37 kB Progress (1): 16/37 kBProgress (1): 20/37 kBProgress (1): 25/37 kBProgress (1): 29/37 kBProgress (1): 33/37 kBProgress (1): 37/37 kBProgress (1): 37 kB                      Downloaded from central: https://repo.maven.apache.org/maven2/org/apache/maven/maven-parent/25/maven-parent-25.pom (37 kB at 1.6 MB/s)
Downloading from central: https://repo.maven.apache.org/maven2/org/apache/apache/15/apache-15.pom
Progress (1): 4.1/15 kBProgress (1): 8.2/15 kBProgress (1): 12/15 kB Progress (1): 15 kB                      Downloaded from central: https://repo.maven.apache.org/maven2/org/apache/apache/15/apache-15.pom (15 kB at 693 kB/s)
Downloading from central: https://repo.maven.apache.org/maven2/org/codehaus/plexus/plexus-utils/3.3.0/plexus-utils-3.3.0.pom
Progress (1): 4.1/5.2 kBProgress (1): 5.2 kB                        Downloaded from central: https://repo.maven.apache.org/maven2/org/codehaus/plexus/plexus-utils/3.3.0/plexus-utils-3.3.0.pom (5.2 kB at 259 kB/s)
Downloading from central: https://repo.maven.apache.org/maven2/org/codehaus/plexus/plexus/5.1/plexus-5.1.pom
Progress (1): 4.1/23 kBProgress (1): 8.2/23 kBProgress (1): 12/23 kB Progress (1): 16/23 kBProgress (1): 20/23 kBProgress (1): 23 kB                      Downloaded from central: https://repo.maven.apache.org/maven2/org/codehaus/plexus/plexus/5.1/plexus-5.1.pom (23 kB at 1.0 MB/s)
Downloading from central: https://repo.maven.apache.org/maven2/org/apache/maven/maven-core/3.2.5/maven-core-3.2.5.pom
Progress (1): 4.1/8.1 kBProgress (1): 8.1 kB                        Downloaded from central: https://repo.maven.apache.org/maven2/org/apache/maven/maven-core/3.2.5/maven-core-3.2.5.pom (8.1 kB at 384 kB/s)
Downloading from central: https://repo.maven.apache.org/maven2/org/apache/maven/maven-settings/3.2.5/maven-settings-3.2.5.pom
Progress (1): 2.2 kB                    Downloaded from central: https://repo.maven.apache.org/maven2/org/apache/maven/maven-settings/3.2.5/maven-settings-3.2.5.pom (2.2 kB at 103 kB/s)
Downloading from central: https://repo.maven.apache.org/maven2/org/apache/maven/maven-settings-builder/3.2.5/maven-settings-builder-3.2.5.pom
Progress (1): 2.6 kB                    Downloaded from central: https://repo.maven.apache.org/maven2/org/apache/maven/maven-settings-builder/3.2.5/maven-settings-builder-3.2.5.pom (2.6 kB at 130 kB/s)
Downloading from central: https://repo.maven.apache.org/maven2/org/codehaus/plexus/plexus-interpolation/1.21/plexus-interpolation-1.21.pom
Progress (1): 1.5 kB                    Downloaded from central: https://repo.maven.apache.org/maven2/org/codehaus/plexus/plexus-interpolation/1.21/plexus-interpolation-1.21.pom (1.5 kB at 73 kB/s)
Downloading from central: https://repo.maven.apache.org/maven2/org/codehaus/plexus/plexus-component-annotations/2.1.1/plexus-component-annotations-2.1.1.pom
Progress (1): 770 B                   Downloaded from central: https://repo.maven.apache.org/maven2/org/codehaus/plexus/plexus-component-annotations/2.1.1/plexus-component-annotations-2.1.1.pom (770 B at 37 kB/s)
Downloading from central: https://repo.maven.apache.org/maven2/org/codehaus/plexus/plexus-containers/2.1.1/plexus-containers-2.1.1.pom
Progress (1): 4.1/6.0 kBProgress (1): 6.0 kB                        Downloaded from central: https://repo.maven.apache.org/maven2/org/codehaus/plexus/plexus-containers/2.1.1/plexus-containers-2.1.1.pom (6.0 kB at 274 kB/s)
Downloading from central: https://repo.maven.apache.org/maven2/org/codehaus/plexus/plexus/6.5/plexus-6.5.pom
Progress (1): 4.1/26 kBProgress (1): 8.2/26 kBProgress (1): 12/26 kB Progress (1): 16/26 kBProgress (1): 20/26 kBProgress (1): 25/26 kBProgress (1): 26 kB                      Downloaded from central: https://repo.maven.apache.org/maven2/org/codehaus/plexus/plexus/6.5/plexus-6.5.pom (26 kB at 1.1 MB/s)
Downloading from central: https://repo.maven.apache.org/maven2/org/apache/maven/maven-repository-metadata/3.2.5/maven-repository-metadata-3.2.5.pom
Progress (1): 2.2 kB                    Downloaded from central: https://repo.maven.apache.org/maven2/org/apache/maven/maven-repository-metadata/3.2.5/maven-repository-metadata-3.2.5.pom (2.2 kB at 106 kB/s)
Downloading from central: https://repo.maven.apache.org/maven2/org/apache/maven/maven-plugin-api/3.2.5/maven-plugin-api-3.2.5.pom
Progress (1): 3.0 kB                    Downloaded from central: https://repo.maven.apache.org/maven2/org/apache/maven/maven-plugin-api/3.2.5/maven-plugin-api-3.2.5.pom (3.0 kB at 144 kB/s)
Downloading from central: https://repo.maven.apache.org/maven2/org/eclipse/sisu/org.eclipse.sisu.plexus/0.3.5/org.eclipse.sisu.plexus-0.3.5.pom
Progress (1): 4.1/4.3 kBProgress (1): 4.3 kB                        Downloaded from central: https://repo.maven.apache.org/maven2/org/eclipse/sisu/org.eclipse.sisu.plexus/0.3.5/org.eclipse.sisu.plexus-0.3.5.pom (4.3 kB at 143 kB/s)
Downloading from central: https://repo.maven.apache.org/maven2/org/eclipse/sisu/sisu-plexus/0.3.5/sisu-plexus-0.3.5.pom
Progress (1): 4.1/14 kBProgress (1): 8.2/14 kBProgress (1): 12/14 kB Progress (1): 14 kB                      Downloaded from central: https://repo.maven.apache.org/maven2/org/eclipse/sisu/sisu-plexus/0.3.5/sisu-plexus-0.3.5.pom (14 kB at 597 kB/s)
Downloading from central: https://repo.maven.apache.org/maven2/org/sonatype/oss/oss-parent/9/oss-parent-9.pom
Progress (1): 4.1/6.6 kBProgress (1): 6.6 kB                        Downloaded from central: https://repo.maven.apache.org/maven2/org/sonatype/oss/oss-parent/9/oss-parent-9.pom (6.6 kB at 286 kB/s)
Downloading from central: https://repo.maven.apache.org/maven2/javax/annotation/javax.annotation-api/1.2/javax.annotation-api-1.2.pom
Progress (1): 4.1/13 kBProgress (1): 8.2/13 kBProgress (1): 12/13 kB Progress (1): 13 kB                      Downloaded from central: https://repo.maven.apache.org/maven2/javax/annotation/javax.annotation-api/1.2/javax.annotation-api-1.2.pom (13 kB at 584 kB/s)
Downloading from central: https://repo.maven.apache.org/maven2/net/java/jvnet-parent/3/jvnet-parent-3.pom
Progress (1): 4.1/4.8 kBProgress (1): 4.8 kB                        Downloaded from central: https://repo.maven.apache.org/maven2/net/java/jvnet-parent/3/jvnet-parent-3.pom (4.8 kB at 208 kB/s)
Downloading from central: https://repo.maven.apache.org/maven2/javax/enterprise/cdi-api/1.2/cdi-api-1.2.pom
Progress (1): 4.1/6.3 kBProgress (1): 6.3 kB                        Downloaded from central: https://repo.maven.apache.org/maven2/javax/enterprise/cdi-api/1.2/cdi-api-1.2.pom (6.3 kB at 216 kB/s)
Downloading from central: https://repo.maven.apache.org/maven2/org/jboss/weld/weld-parent/26/weld-parent-26.pom
Progress (1): 4.1/32 kBProgress (1): 8.2/32 kBProgress (1): 12/32 kB Progress (1): 16/32 kBProgress (1): 20/32 kBProgress (1): 25/32 kBProgress (1): 29/32 kBProgress (1): 32 kB                      Downloaded from central: https://repo.maven.apache.org/maven2/org/jboss/weld/weld-parent/26/weld-parent-26.pom (32 kB at 1.3 MB/s)
Downloading from central: https://repo.maven.apache.org/maven2/javax/inject/javax.inject/1/javax.inject-1.pom
Progress (1): 612 B                   Downloaded from central: https://repo.maven.apache.org/maven2/javax/inject/javax.inject/1/javax.inject-1.pom (612 B at 29 kB/s)
Downloading from central: https://repo.maven.apache.org/maven2/org/eclipse/sisu/org.eclipse.sisu.inject/0.3.5/org.eclipse.sisu.inject-0.3.5.pom
Progress (1): 2.6 kB                    Downloaded from central: https://repo.maven.apache.org/maven2/org/eclipse/sisu/org.eclipse.sisu.inject/0.3.5/org.eclipse.sisu.inject-0.3.5.pom (2.6 kB at 119 kB/s)
Downloading from central: https://repo.maven.apache.org/maven2/org/eclipse/sisu/sisu-inject/0.3.5/sisu-inject-0.3.5.pom
Progress (1): 4.1/14 kBProgress (1): 8.2/14 kBProgress (1): 12/14 kB Progress (1): 14 kB                      Downloaded from central: https://repo.maven.apache.org/maven2/org/eclipse/sisu/sisu-inject/0.3.5/sisu-inject-0.3.5.pom (14 kB at 686 kB/s)
Downloading from central: https://repo.maven.apache.org/maven2/org/codehaus/plexus/plexus-classworlds/2.5.2/plexus-classworlds-2.5.2.pom
Progress (1): 4.1/7.3 kBProgress (1): 7.3 kB                        Downloaded from central: https://repo.maven.apache.org/maven2/org/codehaus/plexus/plexus-classworlds/2.5.2/plexus-classworlds-2.5.2.pom (7.3 kB at 348 kB/s)
Downloading from central: https://repo.maven.apache.org/maven2/org/apache/maven/maven-model-builder/3.2.5/maven-model-builder-3.2.5.pom
Progress (1): 3.0 kB                    Downloaded from central: https://repo.maven.apache.org/maven2/org/apache/maven/maven-model-builder/3.2.5/maven-model-builder-3.2.5.pom (3.0 kB at 150 kB/s)
Downloading from central: https://repo.maven.apache.org/maven2/org/apache/maven/maven-aether-provider/3.2.5/maven-aether-provider-3.2.5.pom
Progress (1): 4.1/4.2 kBProgress (1): 4.2 kB                        Downloaded from central: https://repo.maven.apache.org/maven2/org/apache/maven/maven-aether-provider/3.2.5/maven-aether-provider-3.2.5.pom (4.2 kB at 212 kB/s)
Downloading from central: https://repo.maven.apache.org/maven2/org/eclipse/aether/aether-api/1.0.0.v20140518/aether-api-1.0.0.v20140518.pom
Progress (1): 1.9 kB                    Downloaded from central: https://repo.maven.apache.org/maven2/org/eclipse/aether/aether-api/1.0.0.v20140518/aether-api-1.0.0.v20140518.pom (1.9 kB at 95 kB/s)
Downloading from central: https://repo.maven.apache.org/maven2/org/eclipse/aether/aether/1.0.0.v20140518/aether-1.0.0.v20140518.pom
Progress (1): 4.1/30 kBProgress (1): 8.2/30 kBProgress (1): 12/30 kB Progress (1): 16/30 kBProgress (1): 20/30 kBProgress (1): 24/30 kBProgress (1): 28/30 kBProgress (1): 30 kB                      Downloaded from central: https://repo.maven.apache.org/maven2/org/eclipse/aether/aether/1.0.0.v20140518/aether-1.0.0.v20140518.pom (30 kB at 1.3 MB/s)
Downloading from central: https://repo.maven.apache.org/maven2/org/eclipse/aether/aether-spi/1.0.0.v20140518/aether-spi-1.0.0.v20140518.pom
Progress (1): 2.1 kB                    Downloaded from central: https://repo.maven.apache.org/maven2/org/eclipse/aether/aether-spi/1.0.0.v20140518/aether-spi-1.0.0.v20140518.pom (2.1 kB at 98 kB/s)
Downloading from central: https://repo.maven.apache.org/maven2/org/eclipse/aether/aether-util/1.0.0.v20140518/aether-util-1.0.0.v20140518.pom
Progress (1): 2.2 kB                    Downloaded from central: https://repo.maven.apache.org/maven2/org/eclipse/aether/aether-util/1.0.0.v20140518/aether-util-1.0.0.v20140518.pom (2.2 kB at 104 kB/s)
Downloading from central: https://repo.maven.apache.org/maven2/org/eclipse/aether/aether-impl/1.0.0.v20140518/aether-impl-1.0.0.v20140518.pom
Progress (1): 3.5 kB                    Downloaded from central: https://repo.maven.apache.org/maven2/org/eclipse/aether/aether-impl/1.0.0.v20140518/aether-impl-1.0.0.v20140518.pom (3.5 kB at 174 kB/s)
Downloading from central: https://repo.maven.apache.org/maven2/org/sonatype/sisu/sisu-guice/3.2.3/sisu-guice-3.2.3.pom
Progress (1): 4.1/11 kBProgress (1): 8.2/11 kBProgress (1): 11 kB                       Downloaded from central: https://repo.maven.apache.org/maven2/org/sonatype/sisu/sisu-guice/3.2.3/sisu-guice-3.2.3.pom (11 kB at 475 kB/s)
Downloading from central: https://repo.maven.apache.org/maven2/org/sonatype/sisu/inject/guice-parent/3.2.3/guice-parent-3.2.3.pom
Progress (1): 4.1/13 kBProgress (1): 8.2/13 kBProgress (1): 12/13 kB Progress (1): 13 kB                      Downloaded from central: https://repo.maven.apache.org/maven2/org/sonatype/sisu/inject/guice-parent/3.2.3/guice-parent-3.2.3.pom (13 kB at 586 kB/s)
Downloading from central: https://repo.maven.apache.org/maven2/org/sonatype/forge/forge-parent/38/forge-parent-38.pom
Progress (1): 4.1/19 kBProgress (1): 8.2/19 kBProgress (1): 12/19 kB Progress (1): 16/19 kBProgress (1): 19 kB                      Downloaded from central: https://repo.maven.apache.org/maven2/org/sonatype/forge/forge-parent/38/forge-parent-38.pom (19 kB at 815 kB/s)
Downloading from central: https://repo.maven.apache.org/maven2/aopalliance/aopalliance/1.0/aopalliance-1.0.pom
Progress (1): 363 B                   Downloaded from central: https://repo.maven.apache.org/maven2/aopalliance/aopalliance/1.0/aopalliance-1.0.pom (363 B at 17 kB/s)
Downloading from central: https://repo.maven.apache.org/maven2/com/google/guava/guava/16.0.1/guava-16.0.1.pom
Progress (1): 4.1/6.1 kBProgress (1): 6.1 kB                        Downloaded from central: https://repo.maven.apache.org/maven2/com/google/guava/guava/16.0.1/guava-16.0.1.pom (6.1 kB at 291 kB/s)
Downloading from central: https://repo.maven.apache.org/maven2/com/google/guava/guava-parent/16.0.1/guava-parent-16.0.1.pom
Progress (1): 4.1/7.3 kBProgress (1): 7.3 kB                        Downloaded from central: https://repo.maven.apache.org/maven2/com/google/guava/guava-parent/16.0.1/guava-parent-16.0.1.pom (7.3 kB at 349 kB/s)
Downloading from central: https://repo.maven.apache.org/maven2/commons-io/commons-io/2.11.0/commons-io-2.11.0.pom
Progress (1): 4.1/20 kBProgress (1): 8.2/20 kBProgress (1): 12/20 kB Progress (1): 16/20 kBProgress (1): 20 kB                      Downloaded from central: https://repo.maven.apache.org/maven2/commons-io/commons-io/2.11.0/commons-io-2.11.0.pom (20 kB at 897 kB/s)
Downloading from central: https://repo.maven.apache.org/maven2/org/apache/commons/commons-parent/52/commons-parent-52.pom
Progress (1): 4.1/79 kBProgress (1): 8.2/79 kBProgress (1): 12/79 kB Progress (1): 16/79 kBProgress (1): 20/79 kBProgress (1): 25/79 kBProgress (1): 29/79 kBProgress (1): 33/79 kBProgress (1): 37/79 kBProgress (1): 41/79 kBProgress (1): 45/79 kBProgress (1): 49/79 kBProgress (1): 53/79 kBProgress (1): 57/79 kBProgress (1): 61/79 kBProgress (1): 66/79 kBProgress (1): 70/79 kBProgress (1): 74/79 kBProgress (1): 78/79 kBProgress (1): 79 kB                      Downloaded from central: https://repo.maven.apache.org/maven2/org/apache/commons/commons-parent/52/commons-parent-52.pom (79 kB at 3.4 MB/s)
Downloading from central: https://repo.maven.apache.org/maven2/org/junit/junit-bom/5.7.2/junit-bom-5.7.2.pom
Progress (1): 4.1/5.1 kBProgress (1): 5.1 kB                        Downloaded from central: https://repo.maven.apache.org/maven2/org/junit/junit-bom/5.7.2/junit-bom-5.7.2.pom (5.1 kB at 222 kB/s)
Downloading from central: https://repo.maven.apache.org/maven2/org/codehaus/plexus/plexus-java/1.1.1/plexus-java-1.1.1.pom
Progress (1): 4.1/5.0 kBProgress (1): 5.0 kB                        Downloaded from central: https://repo.maven.apache.org/maven2/org/codehaus/plexus/plexus-java/1.1.1/plexus-java-1.1.1.pom (5.0 kB at 226 kB/s)
Downloading from central: https://repo.maven.apache.org/maven2/org/codehaus/plexus/plexus-languages/1.1.1/plexus-languages-1.1.1.pom
Progress (1): 4.1/4.6 kBProgress (1): 4.6 kB                        Downloaded from central: https://repo.maven.apache.org/maven2/org/codehaus/plexus/plexus-languages/1.1.1/plexus-languages-1.1.1.pom (4.6 kB at 231 kB/s)
Downloading from central: https://repo.maven.apache.org/maven2/org/codehaus/plexus/plexus/8/plexus-8.pom
Progress (1): 4.1/25 kBProgress (1): 8.2/25 kBProgress (1): 12/25 kB Progress (1): 16/25 kBProgress (1): 20/25 kBProgress (1): 25/25 kBProgress (1): 25 kB                      Downloaded from central: https://repo.maven.apache.org/maven2/org/codehaus/plexus/plexus/8/plexus-8.pom (25 kB at 1.2 MB/s)
Downloading from central: https://repo.maven.apache.org/maven2/org/ow2/asm/asm/9.2/asm-9.2.pom
Progress (1): 2.4 kB                    Downloaded from central: https://repo.maven.apache.org/maven2/org/ow2/asm/asm/9.2/asm-9.2.pom (2.4 kB at 113 kB/s)
Downloading from central: https://repo.maven.apache.org/maven2/com/thoughtworks/qdox/qdox/2.0.1/qdox-2.0.1.pom
Progress (1): 4.1/16 kBProgress (1): 8.2/16 kBProgress (1): 12/16 kB Progress (1): 16 kB                      Downloaded from central: https://repo.maven.apache.org/maven2/com/thoughtworks/qdox/qdox/2.0.1/qdox-2.0.1.pom (16 kB at 763 kB/s)
Downloading from central: https://repo.maven.apache.org/maven2/org/apache/maven/surefire/surefire-junit47/3.0.0-M7/surefire-junit47-3.0.0-M7.jar
Downloading from central: https://repo.maven.apache.org/maven2/org/apache/maven/surefire/common-junit4/3.0.0-M7/common-junit4-3.0.0-M7.jar
Downloading from central: https://repo.maven.apache.org/maven2/org/apache/maven/surefire/common-junit48/3.0.0-M7/common-junit48-3.0.0-M7.jar
Downloading from central: https://repo.maven.apache.org/maven2/org/apache/maven/surefire/common-junit3/3.0.0-M7/common-junit3-3.0.0-M7.jar
Downloading from central: https://repo.maven.apache.org/maven2/org/apache/maven/surefire/common-java5/3.0.0-M7/common-java5-3.0.0-M7.jar
Progress (1): 4.1/21 kBProgress (1): 8.2/21 kBProgress (1): 12/21 kB Progress (1): 16/21 kBProgress (1): 20/21 kBProgress (1): 21 kB                      Downloaded from central: https://repo.maven.apache.org/maven2/org/apache/maven/surefire/common-junit48/3.0.0-M7/common-junit48-3.0.0-M7.jar (21 kB at 596 kB/s)
Downloading from central: https://repo.maven.apache.org/maven2/org/apache/maven/surefire/surefire-grouper/3.0.0-M7/surefire-grouper-3.0.0-M7.jar
Progress (1): 2.7/17 kBProgress (1): 5.5/17 kBProgress (1): 8.2/17 kBProgress (1): 11/17 kB Progress (1): 14/17 kBProgress (1): 16/17 kBProgress (1): 17 kB   Progress (2): 17 kB | 2.7/26 kBProgress (3): 17 kB | 2.7/26 kB | 2.7/12 kBProgress (3): 17 kB | 2.7/26 kB | 5.5/12 kBProgress (3): 17 kB | 5.5/26 kB | 5.5/12 kBProgress (3): 17 kB | 5.5/26 kB | 8.2/12 kBProgress (3): 17 kB | 8.2/26 kB | 8.2/12 kBProgress (4): 17 kB | 8.2/26 kB | 8.2/12 kB | 4.1/90 kBProgress (4): 17 kB | 11/26 kB | 8.2/12 kB | 4.1/90 kB Progress (4): 17 kB | 11/26 kB | 8.2/12 kB | 8.2/90 kBProgress (4): 17 kB | 14/26 kB | 8.2/12 kB | 8.2/90 kBProgress (4): 17 kB | 14/26 kB | 11/12 kB | 8.2/90 kB Progress (4): 17 kB | 16/26 kB | 11/12 kB | 8.2/90 kBProgress (4): 17 kB | 16/26 kB | 11/12 kB | 12/90 kB Progress (4): 17 kB | 16/26 kB | 12 kB | 12/90 kB   Progress (4): 17 kB | 19/26 kB | 12 kB | 12/90 kBProgress (4): 17 kB | 19/26 kB | 12 kB | 16/90 kBProgress (4): 17 kB | 22/26 kB | 12 kB | 16/90 kBProgress (4): 17 kB | 25/26 kB | 12 kB | 16/90 kBProgress (4): 17 kB | 26 kB | 12 kB | 16/90 kB   Progress (4): 17 kB | 26 kB | 12 kB | 20/90 kBProgress (4): 17 kB | 26 kB | 12 kB | 25/90 kBProgress (4): 17 kB | 26 kB | 12 kB | 29/90 kBProgress (4): 17 kB | 26 kB | 12 kB | 33/90 kBProgress (5): 17 kB | 26 kB | 12 kB | 33/90 kB | 4.1/40 kBProgress (5): 17 kB | 26 kB | 12 kB | 33/90 kB | 8.2/40 kBProgress (5): 17 kB | 26 kB | 12 kB | 33/90 kB | 12/40 kB Progress (5): 17 kB | 26 kB | 12 kB | 33/90 kB | 16/40 kBProgress (5): 17 kB | 26 kB | 12 kB | 37/90 kB | 16/40 kBProgress (5): 17 kB | 26 kB | 12 kB | 37/90 kB | 20/40 kBProgress (5): 17 kB | 26 kB | 12 kB | 41/90 kB | 20/40 kBProgress (5): 17 kB | 26 kB | 12 kB | 41/90 kB | 24/40 kBProgress (5): 17 kB | 26 kB | 12 kB | 45/90 kB | 24/40 kBProgress (5): 17 kB | 26 kB | 12 kB | 45/90 kB | 28/40 kBProgress (5): 17 kB | 26 kB | 12 kB | 49/90 kB | 28/40 kBProgress (5): 17 kB | 26 kB | 12 kB | 49/90 kB | 32/40 kBProgress (5): 17 kB | 26 kB | 12 kB | 49/90 kB | 36/40 kBProgress (5): 17 kB | 26 kB | 12 kB | 49/90 kB | 40 kB                                                         Downloaded from central: https://repo.maven.apache.org/maven2/org/apache/maven/surefire/common-java5/3.0.0-M7/common-java5-3.0.0-M7.jar (17 kB at 354 kB/s)
Downloading from central: https://repo.maven.apache.org/maven2/org/apache/maven/surefire/surefire-api/3.0.0-M7/surefire-api-3.0.0-M7.jar
Progress (4): 26 kB | 12 kB | 53/90 kB | 40 kBProgress (4): 26 kB | 12 kB | 57/90 kB | 40 kBProgress (4): 26 kB | 12 kB | 61/90 kB | 40 kBProgress (4): 26 kB | 12 kB | 66/90 kB | 40 kB                                              Downloaded from central: https://repo.maven.apache.org/maven2/org/apache/maven/surefire/common-junit3/3.0.0-M7/common-junit3-3.0.0-M7.jar (12 kB at 226 kB/s)
Downloading from central: https://repo.maven.apache.org/maven2/org/apache/maven/surefire/surefire-logger-api/3.0.0-M7/surefire-logger-api-3.0.0-M7.jar
Downloaded from central: https://repo.maven.apache.org/maven2/org/apache/maven/surefire/common-junit4/3.0.0-M7/common-junit4-3.0.0-M7.jar (26 kB at 475 kB/s)
Downloading from central: https://repo.maven.apache.org/maven2/org/apache/maven/surefire/maven-surefire-common/3.0.0-M7/maven-surefire-common-3.0.0-M7.jar
Progress (2): 70/90 kB | 40 kBProgress (2): 74/90 kB | 40 kBProgress (2): 78/90 kB | 40 kBProgress (2): 82/90 kB | 40 kBProgress (2): 86/90 kB | 40 kBProgress (2): 90 kB | 40 kB   Progress (3): 90 kB | 40 kB | 4.1/169 kBProgress (3): 90 kB | 40 kB | 8.2/169 kBProgress (3): 90 kB | 40 kB | 12/169 kB Progress (3): 90 kB | 40 kB | 16/169 kB                                       Downloaded from central: https://repo.maven.apache.org/maven2/org/apache/maven/surefire/surefire-grouper/3.0.0-M7/surefire-grouper-3.0.0-M7.jar (40 kB at 704 kB/s)
Downloading from central: https://repo.maven.apache.org/maven2/org/apache/maven/surefire/surefire-extensions-api/3.0.0-M7/surefire-extensions-api-3.0.0-M7.jar
Progress (2): 90 kB | 20/169 kBProgress (2): 90 kB | 25/169 kBProgress (2): 90 kB | 29/169 kBProgress (2): 90 kB | 33/169 kBProgress (3): 90 kB | 33/169 kB | 2.7/14 kBProgress (3): 90 kB | 33/169 kB | 5.5/14 kBProgress (3): 90 kB | 33/169 kB | 8.2/14 kBProgress (3): 90 kB | 33/169 kB | 11/14 kB Progress (3): 90 kB | 33/169 kB | 14 kB                                          Downloaded from central: https://repo.maven.apache.org/maven2/org/apache/maven/surefire/surefire-junit47/3.0.0-M7/surefire-junit47-3.0.0-M7.jar (90 kB at 1.3 MB/s)
Downloading from central: https://repo.maven.apache.org/maven2/org/apache/maven/surefire/surefire-booter/3.0.0-M7/surefire-booter-3.0.0-M7.jar
Progress (2): 37/169 kB | 14 kBProgress (2): 41/169 kB | 14 kBProgress (2): 45/169 kB | 14 kBProgress (2): 49/169 kB | 14 kBProgress (2): 53/169 kB | 14 kBProgress (2): 57/169 kB | 14 kBProgress (2): 61/169 kB | 14 kBProgress (2): 64/169 kB | 14 kBProgress (2): 68/169 kB | 14 kBProgress (2): 72/169 kB | 14 kBProgress (2): 76/169 kB | 14 kBProgress (2): 80/169 kB | 14 kBProgress (3): 80/169 kB | 14 kB | 4.1/25 kBProgress (3): 80/169 kB | 14 kB | 8.2/25 kBProgress (3): 80/169 kB | 14 kB | 12/25 kB Progress (3): 80/169 kB | 14 kB | 16/25 kBProgress (3): 84/169 kB | 14 kB | 16/25 kBProgress (3): 84/169 kB | 14 kB | 20/25 kBProgress (4): 84/169 kB | 14 kB | 20/25 kB | 4.1/305 kBProgress (4): 84/169 kB | 14 kB | 25/25 kB | 4.1/305 kBProgress (4): 88/169 kB | 14 kB | 25/25 kB | 4.1/305 kBProgress (4): 88/169 kB | 14 kB | 25 kB | 4.1/305 kB   Progress (4): 88/169 kB | 14 kB | 25 kB | 8.2/305 kBProgress (4): 88/169 kB | 14 kB | 25 kB | 12/305 kB Progress (4): 92/169 kB | 14 kB | 25 kB | 12/305 kBProgress (4): 92/169 kB | 14 kB | 25 kB | 16/305 kBProgress (4): 96/169 kB | 14 kB | 25 kB | 16/305 kBProgress (4): 100/169 kB | 14 kB | 25 kB | 16/305 kBProgress (4): 105/169 kB | 14 kB | 25 kB | 16/305 kBProgress (4): 105/169 kB | 14 kB | 25 kB | 20/305 kBProgress (4): 105/169 kB | 14 kB | 25 kB | 25/305 kBProgress (4): 105/169 kB | 14 kB | 25 kB | 29/305 kBProgress (4): 105/169 kB | 14 kB | 25 kB | 33/305 kBProgress (4): 109/169 kB | 14 kB | 25 kB | 33/305 kBProgress (4): 113/169 kB | 14 kB | 25 kB | 33/305 kBProgress (4): 117/169 kB | 14 kB | 25 kB | 33/305 kBProgress (4): 121/169 kB | 14 kB | 25 kB | 33/305 kBProgress (4): 125/169 kB | 14 kB | 25 kB | 33/305 kBProgress (4): 129/169 kB | 14 kB | 25 kB | 33/305 kB                                                    Downloaded from central: https://repo.maven.apache.org/maven2/org/apache/maven/surefire/surefire-logger-api/3.0.0-M7/surefire-logger-api-3.0.0-M7.jar (14 kB at 188 kB/s)
Downloading from central: https://repo.maven.apache.org/maven2/org/apache/maven/surefire/surefire-extensions-spi/3.0.0-M7/surefire-extensions-spi-3.0.0-M7.jar
Progress (3): 133/169 kB | 25 kB | 33/305 kBProgress (3): 137/169 kB | 25 kB | 33/305 kBProgress (3): 141/169 kB | 25 kB | 33/305 kBProgress (3): 145/169 kB | 25 kB | 33/305 kBProgress (3): 150/169 kB | 25 kB | 33/305 kBProgress (4): 150/169 kB | 25 kB | 33/305 kB | 4.1/117 kBProgress (4): 154/169 kB | 25 kB | 33/305 kB | 4.1/117 kBProgress (4): 154/169 kB | 25 kB | 33/305 kB | 8.2/117 kBProgress (4): 158/169 kB | 25 kB | 33/305 kB | 8.2/117 kBProgress (4): 158/169 kB | 25 kB | 33/305 kB | 12/117 kB Progress (4): 162/169 kB | 25 kB | 33/305 kB | 12/117 kBProgress (4): 162/169 kB | 25 kB | 33/305 kB | 16/117 kBProgress (4): 166/169 kB | 25 kB | 33/305 kB | 16/117 kBProgress (4): 169 kB | 25 kB | 33/305 kB | 16/117 kB    Progress (4): 169 kB | 25 kB | 33/305 kB | 20/117 kBProgress (4): 169 kB | 25 kB | 33/305 kB | 25/117 kBProgress (4): 169 kB | 25 kB | 33/305 kB | 29/117 kBProgress (4): 169 kB | 25 kB | 33/305 kB | 33/117 kBProgress (4): 169 kB | 25 kB | 33/305 kB | 37/117 kBProgress (4): 169 kB | 25 kB | 33/305 kB | 41/117 kBProgress (4): 169 kB | 25 kB | 33/305 kB | 45/117 kBProgress (4): 169 kB | 25 kB | 33/305 kB | 49/117 kBProgress (4): 169 kB | 25 kB | 33/305 kB | 53/117 kBProgress (4): 169 kB | 25 kB | 33/305 kB | 57/117 kBProgress (4): 169 kB | 25 kB | 33/305 kB | 61/117 kBProgress (4): 169 kB | 25 kB | 33/305 kB | 66/117 kBProgress (4): 169 kB | 25 kB | 33/305 kB | 70/117 kBProgress (4): 169 kB | 25 kB | 33/305 kB | 74/117 kBProgress (4): 169 kB | 25 kB | 33/305 kB | 78/117 kBProgress (4): 169 kB | 25 kB | 33/305 kB | 82/117 kB                                                    Downloaded from central: https://repo.maven.apache.org/maven2/org/apache/maven/surefire/surefire-extensions-api/3.0.0-M7/surefire-extensions-api-3.0.0-M7.jar (25 kB at 326 kB/s)
Downloading from central: https://repo.maven.apache.org/maven2/org/apache/maven/shared/maven-common-artifact-filters/3.1.1/maven-common-artifact-filters-3.1.1.jar
Progress (3): 169 kB | 33/305 kB | 86/117 kBProgress (3): 169 kB | 33/305 kB | 90/117 kBProgress (3): 169 kB | 33/305 kB | 94/117 kBProgress (3): 169 kB | 33/305 kB | 98/117 kBProgress (3): 169 kB | 33/305 kB | 102/117 kBProgress (3): 169 kB | 33/305 kB | 106/117 kBProgress (3): 169 kB | 33/305 kB | 111/117 kBProgress (3): 169 kB | 33/305 kB | 115/117 kBProgress (4): 169 kB | 33/305 kB | 115/117 kB | 2.7/8.1 kBProgress (4): 169 kB | 33/305 kB | 117 kB | 2.7/8.1 kB    Progress (4): 169 kB | 33/305 kB | 117 kB | 5.5/8.1 kBProgress (4): 169 kB | 33/305 kB | 117 kB | 8.1 kB    Progress (4): 169 kB | 37/305 kB | 117 kB | 8.1 kBProgress (4): 169 kB | 41/305 kB | 117 kB | 8.1 kBProgress (4): 169 kB | 45/305 kB | 117 kB | 8.1 kBProgress (4): 169 kB | 49/305 kB | 117 kB | 8.1 kB                                                  Downloaded from central: https://repo.maven.apache.org/maven2/org/apache/maven/surefire/surefire-api/3.0.0-M7/surefire-api-3.0.0-M7.jar (169 kB at 1.3 MB/s)
Progress (3): 53/305 kB | 117 kB | 8.1 kB                                         Downloading from central: https://repo.maven.apache.org/maven2/commons-io/commons-io/2.11.0/commons-io-2.11.0.jar
Progress (3): 57/305 kB | 117 kB | 8.1 kBProgress (3): 61/305 kB | 117 kB | 8.1 kBProgress (3): 66/305 kB | 117 kB | 8.1 kBProgress (3): 70/305 kB | 117 kB | 8.1 kBProgress (3): 74/305 kB | 117 kB | 8.1 kBProgress (3): 78/305 kB | 117 kB | 8.1 kBProgress (3): 82/305 kB | 117 kB | 8.1 kBProgress (3): 86/305 kB | 117 kB | 8.1 kBProgress (3): 90/305 kB | 117 kB | 8.1 kBProgress (3): 94/305 kB | 117 kB | 8.1 kBProgress (3): 98/305 kB | 117 kB | 8.1 kBProgress (3): 102/305 kB | 117 kB | 8.1 kBProgress (3): 106/305 kB | 117 kB | 8.1 kBProgress (3): 111/305 kB | 117 kB | 8.1 kBProgress (3): 115/305 kB | 117 kB | 8.1 kBProgress (3): 119/305 kB | 117 kB | 8.1 kBProgress (3): 123/305 kB | 117 kB | 8.1 kBProgress (3): 127/305 kB | 117 kB | 8.1 kBProgress (3): 131/305 kB | 117 kB | 8.1 kBProgress (3): 135/305 kB | 117 kB | 8.1 kBProgress (3): 139/305 kB | 117 kB | 8.1 kBProgress (3): 143/305 kB | 117 kB | 8.1 kBProgress (3): 147/305 kB | 117 kB | 8.1 kBProgress (3): 152/305 kB | 117 kB | 8.1 kBProgress (3): 156/305 kB | 117 kB | 8.1 kBProgress (3): 160/305 kB | 117 kB | 8.1 kBProgress (3): 164/305 kB | 117 kB | 8.1 kBProgress (3): 168/305 kB | 117 kB | 8.1 kBProgress (3): 172/305 kB | 117 kB | 8.1 kBProgress (3): 176/305 kB | 117 kB | 8.1 kBProgress (3): 180/305 kB | 117 kB | 8.1 kBProgress (4): 180/305 kB | 117 kB | 8.1 kB | 4.1/61 kB                                                      Downloaded from central: https://repo.maven.apache.org/maven2/org/apache/maven/surefire/surefire-extensions-spi/3.0.0-M7/surefire-extensions-spi-3.0.0-M7.jar (8.1 kB at 58 kB/s)
Progress (3): 184/305 kB | 117 kB | 4.1/61 kB                                             Downloading from central: https://repo.maven.apache.org/maven2/org/codehaus/plexus/plexus-java/1.1.1/plexus-java-1.1.1.jar
Progress (3): 184/305 kB | 117 kB | 8.2/61 kBProgress (4): 184/305 kB | 117 kB | 8.2/61 kB | 4.1/327 kBProgress (4): 188/305 kB | 117 kB | 8.2/61 kB | 4.1/327 kBProgress (4): 188/305 kB | 117 kB | 8.2/61 kB | 8.2/327 kBProgress (4): 188/305 kB | 117 kB | 12/61 kB | 8.2/327 kB Progress (4): 188/305 kB | 117 kB | 12/61 kB | 12/327 kB                                                         Downloaded from central: https://repo.maven.apache.org/maven2/org/apache/maven/surefire/surefire-booter/3.0.0-M7/surefire-booter-3.0.0-M7.jar (117 kB at 834 kB/s)
Progress (3): 193/305 kB | 12/61 kB | 12/327 kBProgress (3): 197/305 kB | 12/61 kB | 12/327 kB                                               Downloading from central: https://repo.maven.apache.org/maven2/org/ow2/asm/asm/9.2/asm-9.2.jar
Progress (3): 197/305 kB | 12/61 kB | 16/327 kBProgress (3): 197/305 kB | 16/61 kB | 16/327 kBProgress (3): 201/305 kB | 16/61 kB | 16/327 kBProgress (3): 201/305 kB | 16/61 kB | 20/327 kBProgress (3): 201/305 kB | 16/61 kB | 25/327 kBProgress (3): 205/305 kB | 16/61 kB | 25/327 kBProgress (3): 205/305 kB | 16/61 kB | 29/327 kBProgress (3): 205/305 kB | 20/61 kB | 29/327 kBProgress (3): 205/305 kB | 20/61 kB | 33/327 kBProgress (3): 205/305 kB | 24/61 kB | 33/327 kBProgress (3): 209/305 kB | 24/61 kB | 33/327 kBProgress (3): 213/305 kB | 24/61 kB | 33/327 kBProgress (3): 213/305 kB | 24/61 kB | 37/327 kBProgress (3): 213/305 kB | 24/61 kB | 41/327 kBProgress (3): 213/305 kB | 24/61 kB | 45/327 kBProgress (3): 213/305 kB | 24/61 kB | 49/327 kBProgress (3): 213/305 kB | 24/61 kB | 53/327 kBProgress (3): 217/305 kB | 24/61 kB | 53/327 kBProgress (3): 217/305 kB | 24/61 kB | 57/327 kBProgress (3): 221/305 kB | 24/61 kB | 57/327 kBProgress (3): 221/305 kB | 24/61 kB | 61/327 kBProgress (3): 225/305 kB | 24/61 kB | 61/327 kBProgress (3): 225/305 kB | 24/61 kB | 66/327 kBProgress (3): 229/305 kB | 24/61 kB | 66/327 kBProgress (3): 229/305 kB | 24/61 kB | 70/327 kBProgress (3): 229/305 kB | 24/61 kB | 74/327 kBProgress (3): 229/305 kB | 24/61 kB | 78/327 kBProgress (3): 229/305 kB | 24/61 kB | 82/327 kBProgress (3): 233/305 kB | 24/61 kB | 82/327 kBProgress (3): 238/305 kB | 24/61 kB | 82/327 kBProgress (3): 242/305 kB | 24/61 kB | 82/327 kBProgress (3): 242/305 kB | 24/61 kB | 86/327 kBProgress (3): 246/305 kB | 24/61 kB | 86/327 kBProgress (3): 246/305 kB | 24/61 kB | 90/327 kBProgress (3): 246/305 kB | 28/61 kB | 90/327 kBProgress (3): 246/305 kB | 28/61 kB | 94/327 kBProgress (3): 246/305 kB | 32/61 kB | 94/327 kBProgress (3): 246/305 kB | 32/61 kB | 98/327 kBProgress (3): 250/305 kB | 32/61 kB | 98/327 kBProgress (3): 254/305 kB | 32/61 kB | 98/327 kBProgress (3): 258/305 kB | 32/61 kB | 98/327 kBProgress (3): 258/305 kB | 32/61 kB | 102/327 kBProgress (3): 262/305 kB | 32/61 kB | 102/327 kBProgress (3): 262/305 kB | 32/61 kB | 106/327 kBProgress (3): 262/305 kB | 32/61 kB | 111/327 kBProgress (3): 262/305 kB | 32/61 kB | 115/327 kBProgress (3): 262/305 kB | 36/61 kB | 115/327 kBProgress (3): 262/305 kB | 40/61 kB | 115/327 kBProgress (3): 266/305 kB | 40/61 kB | 115/327 kBProgress (3): 266/305 kB | 45/61 kB | 115/327 kBProgress (3): 266/305 kB | 45/61 kB | 119/327 kBProgress (3): 266/305 kB | 49/61 kB | 119/327 kBProgress (3): 266/305 kB | 49/61 kB | 123/327 kBProgress (3): 270/305 kB | 49/61 kB | 123/327 kBProgress (3): 270/305 kB | 49/61 kB | 127/327 kBProgress (3): 274/305 kB | 49/61 kB | 127/327 kBProgress (3): 274/305 kB | 49/61 kB | 131/327 kBProgress (3): 279/305 kB | 49/61 kB | 131/327 kBProgress (3): 279/305 kB | 53/61 kB | 131/327 kBProgress (3): 279/305 kB | 57/61 kB | 131/327 kBProgress (3): 279/305 kB | 61 kB | 131/327 kB   Progress (3): 279/305 kB | 61 kB | 135/327 kBProgress (3): 279/305 kB | 61 kB | 139/327 kBProgress (3): 279/305 kB | 61 kB | 143/327 kBProgress (3): 279/305 kB | 61 kB | 147/327 kBProgress (3): 283/305 kB | 61 kB | 147/327 kBProgress (3): 287/305 kB | 61 kB | 147/327 kBProgress (3): 291/305 kB | 61 kB | 147/327 kBProgress (3): 295/305 kB | 61 kB | 147/327 kBProgress (3): 295/305 kB | 61 kB | 152/327 kBProgress (3): 295/305 kB | 61 kB | 156/327 kBProgress (3): 295/305 kB | 61 kB | 160/327 kBProgress (3): 295/305 kB | 61 kB | 164/327 kBProgress (3): 299/305 kB | 61 kB | 164/327 kBProgress (3): 303/305 kB | 61 kB | 164/327 kBProgress (3): 305 kB | 61 kB | 164/327 kB    Progress (3): 305 kB | 61 kB | 168/327 kBProgress (3): 305 kB | 61 kB | 172/327 kBProgress (3): 305 kB | 61 kB | 176/327 kBProgress (3): 305 kB | 61 kB | 180/327 kBProgress (3): 305 kB | 61 kB | 184/327 kBProgress (3): 305 kB | 61 kB | 188/327 kBProgress (3): 305 kB | 61 kB | 193/327 kBProgress (3): 305 kB | 61 kB | 197/327 kBProgress (3): 305 kB | 61 kB | 201/327 kBProgress (3): 305 kB | 61 kB | 205/327 kBProgress (3): 305 kB | 61 kB | 209/327 kBProgress (3): 305 kB | 61 kB | 213/327 kBProgress (3): 305 kB | 61 kB | 217/327 kBProgress (3): 305 kB | 61 kB | 221/327 kBProgress (3): 305 kB | 61 kB | 225/327 kBProgress (3): 305 kB | 61 kB | 229/327 kBProgress (3): 305 kB | 61 kB | 233/327 kBProgress (3): 305 kB | 61 kB | 238/327 kBProgress (3): 305 kB | 61 kB | 242/327 kBProgress (3): 305 kB | 61 kB | 246/327 kBProgress (4): 305 kB | 61 kB | 246/327 kB | 4.1/54 kBProgress (4): 305 kB | 61 kB | 250/327 kB | 4.1/54 kBProgress (4): 305 kB | 61 kB | 250/327 kB | 8.2/54 kBProgress (4): 305 kB | 61 kB | 254/327 kB | 8.2/54 kBProgress (4): 305 kB | 61 kB | 254/327 kB | 12/54 kB Progress (4): 305 kB | 61 kB | 254/327 kB | 16/54 kBProgress (4): 305 kB | 61 kB | 258/327 kB | 16/54 kBProgress (4): 305 kB | 61 kB | 262/327 kB | 16/54 kBProgress (4): 305 kB | 61 kB | 266/327 kB | 16/54 kBProgress (4): 305 kB | 61 kB | 270/327 kB | 16/54 kBProgress (4): 305 kB | 61 kB | 270/327 kB | 20/54 kBProgress (4): 305 kB | 61 kB | 274/327 kB | 20/54 kBProgress (4): 305 kB | 61 kB | 274/327 kB | 25/54 kBProgress (4): 305 kB | 61 kB | 279/327 kB | 25/54 kBProgress (4): 305 kB | 61 kB | 279/327 kB | 29/54 kBProgress (4): 305 kB | 61 kB | 283/327 kB | 29/54 kBProgress (4): 305 kB | 61 kB | 287/327 kB | 29/54 kBProgress (4): 305 kB | 61 kB | 287/327 kB | 33/54 kBProgress (4): 305 kB | 61 kB | 291/327 kB | 33/54 kBProgress (4): 305 kB | 61 kB | 295/327 kB | 33/54 kBProgress (4): 305 kB | 61 kB | 299/327 kB | 33/54 kBProgress (4): 305 kB | 61 kB | 303/327 kB | 33/54 kBProgress (4): 305 kB | 61 kB | 303/327 kB | 37/54 kBProgress (4): 305 kB | 61 kB | 303/327 kB | 41/54 kBProgress (4): 305 kB | 61 kB | 307/327 kB | 41/54 kBProgress (4): 305 kB | 61 kB | 307/327 kB | 45/54 kBProgress (4): 305 kB | 61 kB | 311/327 kB | 45/54 kBProgress (4): 305 kB | 61 kB | 311/327 kB | 49/54 kBProgress (4): 305 kB | 61 kB | 315/327 kB | 49/54 kBProgress (4): 305 kB | 61 kB | 319/327 kB | 49/54 kBProgress (4): 305 kB | 61 kB | 319/327 kB | 53/54 kBProgress (4): 305 kB | 61 kB | 324/327 kB | 53/54 kBProgress (4): 305 kB | 61 kB | 324/327 kB | 54 kB   Progress (4): 305 kB | 61 kB | 327 kB | 54 kB                                                 Downloaded from central: https://repo.maven.apache.org/maven2/org/apache/maven/shared/maven-common-artifact-filters/3.1.1/maven-common-artifact-filters-3.1.1.jar (61 kB at 390 kB/s)
Downloading from central: https://repo.maven.apache.org/maven2/com/thoughtworks/qdox/qdox/2.0.1/qdox-2.0.1.jar
Downloaded from central: https://repo.maven.apache.org/maven2/org/apache/maven/surefire/maven-surefire-common/3.0.0-M7/maven-surefire-common-3.0.0-M7.jar (305 kB at 1.9 MB/s)
Downloading from central: https://repo.maven.apache.org/maven2/org/apache/maven/surefire/surefire-shared-utils/3.0.0-M7/surefire-shared-utils-3.0.0-M7.jar
Progress (3): 327 kB | 54 kB | 4.1/334 kBProgress (4): 327 kB | 54 kB | 4.1/334 kB | 4.1/122 kBProgress (4): 327 kB | 54 kB | 8.2/334 kB | 4.1/122 kBProgress (5): 327 kB | 54 kB | 8.2/334 kB | 4.1/122 kB | 0/2.1 MBProgress (5): 327 kB | 54 kB | 12/334 kB | 4.1/122 kB | 0/2.1 MB Progress (5): 327 kB | 54 kB | 12/334 kB | 8.2/122 kB | 0/2.1 MBProgress (5): 327 kB | 54 kB | 12/334 kB | 12/122 kB | 0/2.1 MB                                                                Downloaded from central: https://repo.maven.apache.org/maven2/commons-io/commons-io/2.11.0/commons-io-2.11.0.jar (327 kB at 1.4 MB/s)
Progress (4): 54 kB | 12/334 kB | 12/122 kB | 0/2.1 MBProgress (4): 54 kB | 12/334 kB | 16/122 kB | 0/2.1 MBProgress (4): 54 kB | 16/334 kB | 16/122 kB | 0/2.1 MBProgress (4): 54 kB | 16/334 kB | 16/122 kB | 0/2.1 MBProgress (4): 54 kB | 16/334 kB | 20/122 kB | 0/2.1 MBProgress (4): 54 kB | 20/334 kB | 20/122 kB | 0/2.1 MBProgress (4): 54 kB | 20/334 kB | 25/122 kB | 0/2.1 MBProgress (4): 54 kB | 20/334 kB | 25/122 kB | 0.1/2.1 MBProgress (4): 54 kB | 20/334 kB | 29/122 kB | 0.1/2.1 MBProgress (4): 54 kB | 20/334 kB | 33/122 kB | 0.1/2.1 MBProgress (4): 54 kB | 25/334 kB | 33/122 kB | 0.1/2.1 MBProgress (4): 54 kB | 29/334 kB | 33/122 kB | 0.1/2.1 MBProgress (4): 54 kB | 29/334 kB | 33/122 kB | 0.1/2.1 MBProgress (4): 54 kB | 33/334 kB | 33/122 kB | 0.1/2.1 MBProgress (4): 54 kB | 33/334 kB | 37/122 kB | 0.1/2.1 MBProgress (4): 54 kB | 33/334 kB | 41/122 kB | 0.1/2.1 MBProgress (4): 54 kB | 33/334 kB | 45/122 kB | 0.1/2.1 MBProgress (4): 54 kB | 33/334 kB | 49/122 kB | 0.1/2.1 MBProgress (4): 54 kB | 33/334 kB | 49/122 kB | 0.1/2.1 MBProgress (4): 54 kB | 37/334 kB | 49/122 kB | 0.1/2.1 MBProgress (4): 54 kB | 41/334 kB | 49/122 kB | 0.1/2.1 MBProgress (4): 54 kB | 45/334 kB | 49/122 kB | 0.1/2.1 MBProgress (4): 54 kB | 45/334 kB | 53/122 kB | 0.1/2.1 MBProgress (4): 54 kB | 49/334 kB | 53/122 kB | 0.1/2.1 MBProgress (4): 54 kB | 49/334 kB | 57/122 kB | 0.1/2.1 MBProgress (4): 54 kB | 49/334 kB | 57/122 kB | 0.1/2.1 MBProgress (4): 54 kB | 49/334 kB | 61/122 kB | 0.1/2.1 MBProgress (4): 54 kB | 49/334 kB | 66/122 kB | 0.1/2.1 MBProgress (4): 54 kB | 53/334 kB | 66/122 kB | 0.1/2.1 MBProgress (4): 54 kB | 57/334 kB | 66/122 kB | 0.1/2.1 MBProgress (4): 54 kB | 61/334 kB | 66/122 kB | 0.1/2.1 MBProgress (4): 54 kB | 61/334 kB | 66/122 kB | 0.1/2.1 MBProgress (4): 54 kB | 66/334 kB | 66/122 kB | 0.1/2.1 MBProgress (4): 54 kB | 66/334 kB | 70/122 kB | 0.1/2.1 MBProgress (4): 54 kB | 66/334 kB | 74/122 kB | 0.1/2.1 MBProgress (4): 54 kB | 66/334 kB | 78/122 kB | 0.1/2.1 MBProgress (4): 54 kB | 66/334 kB | 82/122 kB | 0.1/2.1 MBProgress (4): 54 kB | 70/334 kB | 82/122 kB | 0.1/2.1 MBProgress (4): 54 kB | 70/334 kB | 82/122 kB | 0.1/2.1 MBProgress (4): 54 kB | 74/334 kB | 82/122 kB | 0.1/2.1 MBProgress (4): 54 kB | 78/334 kB | 82/122 kB | 0.1/2.1 MBProgress (4): 54 kB | 82/334 kB | 82/122 kB | 0.1/2.1 MBProgress (4): 54 kB | 82/334 kB | 86/122 kB | 0.1/2.1 MBProgress (4): 54 kB | 82/334 kB | 86/122 kB | 0.2/2.1 MBProgress (4): 54 kB | 86/334 kB | 86/122 kB | 0.2/2.1 MBProgress (4): 54 kB | 86/334 kB | 90/122 kB | 0.2/2.1 MBProgress (4): 54 kB | 90/334 kB | 90/122 kB | 0.2/2.1 MBProgress (4): 54 kB | 94/334 kB | 90/122 kB | 0.2/2.1 MBProgress (4): 54 kB | 94/334 kB | 90/122 kB | 0.2/2.1 MBProgress (4): 54 kB | 94/334 kB | 94/122 kB | 0.2/2.1 MBProgress (4): 54 kB | 98/334 kB | 94/122 kB | 0.2/2.1 MBProgress (4): 54 kB | 98/334 kB | 98/122 kB | 0.2/2.1 MBProgress (4): 54 kB | 98/334 kB | 98/122 kB | 0.2/2.1 MBProgress (4): 54 kB | 98/334 kB | 102/122 kB | 0.2/2.1 MBProgress (4): 54 kB | 102/334 kB | 102/122 kB | 0.2/2.1 MBProgress (4): 54 kB | 102/334 kB | 106/122 kB | 0.2/2.1 MBProgress (4): 54 kB | 106/334 kB | 106/122 kB | 0.2/2.1 MBProgress (4): 54 kB | 111/334 kB | 106/122 kB | 0.2/2.1 MB                                                          Downloaded from central: https://repo.maven.apache.org/maven2/org/codehaus/plexus/plexus-java/1.1.1/plexus-java-1.1.1.jar (54 kB at 229 kB/s)
Progress (3): 111/334 kB | 106/122 kB | 0.2/2.1 MBProgress (3): 115/334 kB | 106/122 kB | 0.2/2.1 MBProgress (3): 115/334 kB | 111/122 kB | 0.2/2.1 MBProgress (3): 115/334 kB | 115/122 kB | 0.2/2.1 MBProgress (3): 119/334 kB | 115/122 kB | 0.2/2.1 MBProgress (3): 123/334 kB | 115/122 kB | 0.2/2.1 MBProgress (3): 123/334 kB | 119/122 kB | 0.2/2.1 MBProgress (3): 123/334 kB | 119/122 kB | 0.2/2.1 MBProgress (3): 123/334 kB | 122 kB | 0.2/2.1 MB    Progress (3): 127/334 kB | 122 kB | 0.2/2.1 MBProgress (3): 131/334 kB | 122 kB | 0.2/2.1 MBProgress (3): 131/334 kB | 122 kB | 0.2/2.1 MBProgress (3): 135/334 kB | 122 kB | 0.2/2.1 MBProgress (3): 139/334 kB | 122 kB | 0.2/2.1 MBProgress (3): 143/334 kB | 122 kB | 0.2/2.1 MBProgress (3): 147/334 kB | 122 kB | 0.2/2.1 MBProgress (3): 147/334 kB | 122 kB | 0.3/2.1 MBProgress (3): 152/334 kB | 122 kB | 0.3/2.1 MBProgress (3): 156/334 kB | 122 kB | 0.3/2.1 MBProgress (3): 160/334 kB | 122 kB | 0.3/2.1 MBProgress (3): 164/334 kB | 122 kB | 0.3/2.1 MBProgress (3): 164/334 kB | 122 kB | 0.3/2.1 MBProgress (3): 168/334 kB | 122 kB | 0.3/2.1 MBProgress (3): 168/334 kB | 122 kB | 0.3/2.1 MBProgress (3): 172/334 kB | 122 kB | 0.3/2.1 MBProgress (3): 176/334 kB | 122 kB | 0.3/2.1 MBProgress (3): 180/334 kB | 122 kB | 0.3/2.1 MBProgress (3): 180/334 kB | 122 kB | 0.3/2.1 MBProgress (3): 184/334 kB | 122 kB | 0.3/2.1 MBProgress (3): 188/334 kB | 122 kB | 0.3/2.1 MBProgress (3): 193/334 kB | 122 kB | 0.3/2.1 MBProgress (3): 197/334 kB | 122 kB | 0.3/2.1 MBProgress (3): 197/334 kB | 122 kB | 0.3/2.1 MBProgress (3): 201/334 kB | 122 kB | 0.3/2.1 MBProgress (3): 205/334 kB | 122 kB | 0.3/2.1 MBProgress (3): 205/334 kB | 122 kB | 0.3/2.1 MBProgress (3): 209/334 kB | 122 kB | 0.3/2.1 MBProgress (3): 213/334 kB | 122 kB | 0.3/2.1 MBProgress (3): 213/334 kB | 122 kB | 0.4/2.1 MBProgress (3): 217/334 kB | 122 kB | 0.4/2.1 MBProgress (3): 221/334 kB | 122 kB | 0.4/2.1 MBProgress (3): 225/334 kB | 122 kB | 0.4/2.1 MBProgress (3): 229/334 kB | 122 kB | 0.4/2.1 MBProgress (3): 229/334 kB | 122 kB | 0.4/2.1 MBProgress (3): 233/334 kB | 122 kB | 0.4/2.1 MBProgress (3): 238/334 kB | 122 kB | 0.4/2.1 MBProgress (3): 242/334 kB | 122 kB | 0.4/2.1 MBProgress (3): 246/334 kB | 122 kB | 0.4/2.1 MBProgress (3): 246/334 kB | 122 kB | 0.4/2.1 MBProgress (3): 250/334 kB | 122 kB | 0.4/2.1 MBProgress (3): 254/334 kB | 122 kB | 0.4/2.1 MBProgress (3): 258/334 kB | 122 kB | 0.4/2.1 MBProgress (3): 262/334 kB | 122 kB | 0.4/2.1 MBProgress (3): 262/334 kB | 122 kB | 0.4/2.1 MBProgress (3): 266/334 kB | 122 kB | 0.4/2.1 MBProgress (3): 270/334 kB | 122 kB | 0.4/2.1 MBProgress (3): 270/334 kB | 122 kB | 0.4/2.1 MBProgress (3): 274/334 kB | 122 kB | 0.4/2.1 MBProgress (3): 279/334 kB | 122 kB | 0.4/2.1 MBProgress (3): 279/334 kB | 122 kB | 0.4/2.1 MBProgress (3): 283/334 kB | 122 kB | 0.4/2.1 MBProgress (3): 287/334 kB | 122 kB | 0.4/2.1 MBProgress (3): 287/334 kB | 122 kB | 0.5/2.1 MBProgress (3): 291/334 kB | 122 kB | 0.5/2.1 MBProgress (3): 295/334 kB | 122 kB | 0.5/2.1 MBProgress (3): 295/334 kB | 122 kB | 0.5/2.1 MBProgress (3): 299/334 kB | 122 kB | 0.5/2.1 MBProgress (3): 303/334 kB | 122 kB | 0.5/2.1 MBProgress (3): 303/334 kB | 122 kB | 0.5/2.1 MBProgress (3): 307/334 kB | 122 kB | 0.5/2.1 MBProgress (3): 311/334 kB | 122 kB | 0.5/2.1 MBProgress (3): 311/334 kB | 122 kB | 0.5/2.1 MBProgress (3): 315/334 kB | 122 kB | 0.5/2.1 MBProgress (3): 319/334 kB | 122 kB | 0.5/2.1 MBProgress (3): 324/334 kB | 122 kB | 0.5/2.1 MBProgress (3): 328/334 kB | 122 kB | 0.5/2.1 MBProgress (3): 328/334 kB | 122 kB | 0.5/2.1 MBProgress (3): 332/334 kB | 122 kB | 0.5/2.1 MBProgress (3): 334 kB | 122 kB | 0.5/2.1 MB                                              Downloaded from central: https://repo.maven.apache.org/maven2/org/ow2/asm/asm/9.2/asm-9.2.jar (122 kB at 496 kB/s)
Progress (2): 334 kB | 0.5/2.1 MBProgress (2): 334 kB | 0.6/2.1 MBProgress (2): 334 kB | 0.6/2.1 MBProgress (2): 334 kB | 0.6/2.1 MBProgress (2): 334 kB | 0.6/2.1 MBProgress (2): 334 kB | 0.6/2.1 MBProgress (2): 334 kB | 0.6/2.1 MBProgress (2): 334 kB | 0.7/2.1 MBProgress (2): 334 kB | 0.7/2.1 MBProgress (2): 334 kB | 0.7/2.1 MBProgress (2): 334 kB | 0.7/2.1 MBProgress (2): 334 kB | 0.7/2.1 MBProgress (2): 334 kB | 0.7/2.1 MBProgress (2): 334 kB | 0.8/2.1 MBProgress (2): 334 kB | 0.8/2.1 MBProgress (2): 334 kB | 0.8/2.1 MBProgress (2): 334 kB | 0.8/2.1 MBProgress (2): 334 kB | 0.8/2.1 MBProgress (2): 334 kB | 0.8/2.1 MBProgress (2): 334 kB | 0.9/2.1 MBProgress (2): 334 kB | 0.9/2.1 MBProgress (2): 334 kB | 0.9/2.1 MB                                 Downloaded from central: https://repo.maven.apache.org/maven2/com/thoughtworks/qdox/qdox/2.0.1/qdox-2.0.1.jar (334 kB at 1.3 MB/s)
Progress (1): 0.9/2.1 MBProgress (1): 0.9/2.1 MBProgress (1): 0.9/2.1 MBProgress (1): 1.0/2.1 MBProgress (1): 1.0/2.1 MBProgress (1): 1.0/2.1 MBProgress (1): 1.0/2.1 MBProgress (1): 1.0/2.1 MBProgress (1): 1.0/2.1 MBProgress (1): 1.0/2.1 MBProgress (1): 1.1/2.1 MBProgress (1): 1.1/2.1 MBProgress (1): 1.1/2.1 MBProgress (1): 1.1/2.1 MBProgress (1): 1.1/2.1 MBProgress (1): 1.1/2.1 MBProgress (1): 1.2/2.1 MBProgress (1): 1.2/2.1 MBProgress (1): 1.2/2.1 MBProgress (1): 1.2/2.1 MBProgress (1): 1.2/2.1 MBProgress (1): 1.2/2.1 MBProgress (1): 1.3/2.1 MBProgress (1): 1.3/2.1 MBProgress (1): 1.3/2.1 MBProgress (1): 1.3/2.1 MBProgress (1): 1.3/2.1 MBProgress (1): 1.3/2.1 MBProgress (1): 1.4/2.1 MBProgress (1): 1.4/2.1 MBProgress (1): 1.4/2.1 MBProgress (1): 1.4/2.1 MBProgress (1): 1.4/2.1 MBProgress (1): 1.4/2.1 MBProgress (1): 1.5/2.1 MBProgress (1): 1.5/2.1 MBProgress (1): 1.5/2.1 MBProgress (1): 1.5/2.1 MBProgress (1): 1.5/2.1 MBProgress (1): 1.5/2.1 MBProgress (1): 1.6/2.1 MBProgress (1): 1.6/2.1 MBProgress (1): 1.6/2.1 MBProgress (1): 1.6/2.1 MBProgress (1): 1.6/2.1 MBProgress (1): 1.6/2.1 MBProgress (1): 1.6/2.1 MBProgress (1): 1.7/2.1 MBProgress (1): 1.7/2.1 MBProgress (1): 1.7/2.1 MBProgress (1): 1.7/2.1 MBProgress (1): 1.7/2.1 MBProgress (1): 1.7/2.1 MBProgress (1): 1.8/2.1 MBProgress (1): 1.8/2.1 MBProgress (1): 1.8/2.1 MBProgress (1): 1.8/2.1 MBProgress (1): 1.8/2.1 MBProgress (1): 1.8/2.1 MBProgress (1): 1.9/2.1 MBProgress (1): 1.9/2.1 MBProgress (1): 1.9/2.1 MBProgress (1): 1.9/2.1 MBProgress (1): 1.9/2.1 MBProgress (1): 1.9/2.1 MBProgress (1): 2.0/2.1 MBProgress (1): 2.0/2.1 MBProgress (1): 2.0/2.1 MBProgress (1): 2.0/2.1 MBProgress (1): 2.0/2.1 MBProgress (1): 2.0/2.1 MBProgress (1): 2.1/2.1 MBProgress (1): 2.1/2.1 MBProgress (1): 2.1/2.1 MBProgress (1): 2.1/2.1 MBProgress (1): 2.1/2.1 MBProgress (1): 2.1/2.1 MBProgress (1): 2.1 MB                        Downloaded from central: https://repo.maven.apache.org/maven2/org/apache/maven/surefire/surefire-shared-utils/3.0.0-M7/surefire-shared-utils-3.0.0-M7.jar (2.1 MB at 6.0 MB/s)
[INFO] Using configured provider org.apache.maven.surefire.junitcore.JUnitCoreProvider
Downloading from central: https://repo.maven.apache.org/maven2/junit/junit/4.8.2/junit-4.8.2.pom
Progress (1): 1.5 kB                    Downloaded from central: https://repo.maven.apache.org/maven2/junit/junit/4.8.2/junit-4.8.2.pom (1.5 kB at 16 kB/s)
Downloading from central: https://repo.maven.apache.org/maven2/com/github/stephenc/jcip/jcip-annotations/1.0-1/jcip-annotations-1.0-1.pom
Progress (1): 4.1/5.4 kBProgress (1): 5.4 kB                        Downloaded from central: https://repo.maven.apache.org/maven2/com/github/stephenc/jcip/jcip-annotations/1.0-1/jcip-annotations-1.0-1.pom (5.4 kB at 65 kB/s)
Downloading from central: https://repo.maven.apache.org/maven2/org/mockito/mockito-core/2.28.2/mockito-core-2.28.2.pom
Progress (1): 4.1/20 kBProgress (1): 8.2/20 kBProgress (1): 12/20 kB Progress (1): 16/20 kBProgress (1): 20 kB                      Downloaded from central: https://repo.maven.apache.org/maven2/org/mockito/mockito-core/2.28.2/mockito-core-2.28.2.pom (20 kB at 216 kB/s)
Downloading from central: https://repo.maven.apache.org/maven2/net/bytebuddy/byte-buddy/1.9.10/byte-buddy-1.9.10.pom
Progress (1): 4.1/10 kBProgress (1): 8.2/10 kBProgress (1): 10 kB                       Downloaded from central: https://repo.maven.apache.org/maven2/net/bytebuddy/byte-buddy/1.9.10/byte-buddy-1.9.10.pom (10 kB at 492 kB/s)
Downloading from central: https://repo.maven.apache.org/maven2/net/bytebuddy/byte-buddy-parent/1.9.10/byte-buddy-parent-1.9.10.pom
Progress (1): 4.1/36 kBProgress (1): 8.2/36 kBProgress (1): 12/36 kB Progress (1): 16/36 kBProgress (1): 20/36 kBProgress (1): 24/36 kBProgress (1): 28/36 kBProgress (1): 32/36 kBProgress (1): 36 kB                      Downloaded from central: https://repo.maven.apache.org/maven2/net/bytebuddy/byte-buddy-parent/1.9.10/byte-buddy-parent-1.9.10.pom (36 kB at 459 kB/s)
Downloading from central: https://repo.maven.apache.org/maven2/net/bytebuddy/byte-buddy-agent/1.9.10/byte-buddy-agent-1.9.10.pom
Progress (1): 4.1/6.0 kBProgress (1): 6.0 kB                        Downloaded from central: https://repo.maven.apache.org/maven2/net/bytebuddy/byte-buddy-agent/1.9.10/byte-buddy-agent-1.9.10.pom (6.0 kB at 71 kB/s)
Downloading from central: https://repo.maven.apache.org/maven2/org/objenesis/objenesis/2.6/objenesis-2.6.pom
Progress (1): 2.8 kB                    Downloaded from central: https://repo.maven.apache.org/maven2/org/objenesis/objenesis/2.6/objenesis-2.6.pom (2.8 kB at 133 kB/s)
Downloading from central: https://repo.maven.apache.org/maven2/org/objenesis/objenesis-parent/2.6/objenesis-parent-2.6.pom
Progress (1): 4.1/17 kBProgress (1): 8.2/17 kBProgress (1): 12/17 kB Progress (1): 16/17 kBProgress (1): 17 kB                      Downloaded from central: https://repo.maven.apache.org/maven2/org/objenesis/objenesis-parent/2.6/objenesis-parent-2.6.pom (17 kB at 204 kB/s)
Downloading from central: https://repo.maven.apache.org/maven2/org/hamcrest/hamcrest-library/1.3/hamcrest-library-1.3.pom
Progress (1): 820 B                   Downloaded from central: https://repo.maven.apache.org/maven2/org/hamcrest/hamcrest-library/1.3/hamcrest-library-1.3.pom (820 B at 37 kB/s)
Downloading from central: https://repo.maven.apache.org/maven2/org/assertj/assertj-core/3.22.0/assertj-core-3.22.0.pom
Progress (1): 4.1/31 kBProgress (1): 8.2/31 kBProgress (1): 12/31 kB Progress (1): 16/31 kBProgress (1): 20/31 kBProgress (1): 25/31 kBProgress (1): 29/31 kBProgress (1): 31 kB                      Downloaded from central: https://repo.maven.apache.org/maven2/org/assertj/assertj-core/3.22.0/assertj-core-3.22.0.pom (31 kB at 1.3 MB/s)
Downloading from central: https://repo.maven.apache.org/maven2/org/assertj/assertj-parent-pom/2.2.14/assertj-parent-pom-2.2.14.pom
Progress (1): 4.1/25 kBProgress (1): 8.2/25 kBProgress (1): 12/25 kB Progress (1): 16/25 kBProgress (1): 20/25 kBProgress (1): 25 kB                      Downloaded from central: https://repo.maven.apache.org/maven2/org/assertj/assertj-parent-pom/2.2.14/assertj-parent-pom-2.2.14.pom (25 kB at 319 kB/s)
Downloading from central: https://repo.maven.apache.org/maven2/org/junit/junit-bom/5.8.2/junit-bom-5.8.2.pom
Progress (1): 4.1/5.6 kBProgress (1): 5.6 kB                        Downloaded from central: https://repo.maven.apache.org/maven2/org/junit/junit-bom/5.8.2/junit-bom-5.8.2.pom (5.6 kB at 268 kB/s)
Downloading from central: https://repo.maven.apache.org/maven2/org/junit/junit-bom/5.8.0/junit-bom-5.8.0.pom
Progress (1): 4.1/5.6 kBProgress (1): 5.6 kB                        Downloaded from central: https://repo.maven.apache.org/maven2/org/junit/junit-bom/5.8.0/junit-bom-5.8.0.pom (5.6 kB at 282 kB/s)
[INFO] 
[INFO] -------------------------------------------------------
[INFO]  T E S T S
[INFO] -------------------------------------------------------
[INFO] Running AuthIntegrationTest
userincorrectpassword
userpassword
Unique index or primary key violation: "PUBLIC.CONSTRAINT_INDEX_E ON PUBLIC.ACCOUNT(USERNAME NULLS FIRST) VALUES ( /* 1 */ 'user' )"; SQL statement:
INSERT INTO account (username,password) VALUES(?,?) [23505-214]
userpassword
[INFO] Tests run: 7, Failures: 0, Errors: 0, Skipped: 0, Time elapsed: 9.43 s - in AuthIntegrationTest
[INFO] Running MessagingIntegrationTest
Referential integrity constraint violation: "CONSTRAINT_63: PUBLIC.MESSAGE FOREIGN KEY(POSTED_BY) REFERENCES PUBLIC.ACCOUNT(ACCOUNT_ID) (1)"; SQL statement:
INSERT INTO message (posted_by, message_text ,time_posted_epoch) VALUES(?,?,?) [23506-214]
Value too long for column "MESSAGE_TEXT CHARACTER VARYING(255)": "'Over 255 characters                 Over 255 characters Over 255 characters Ove... (383)"; SQL statement:
INSERT INTO message (posted_by, message_text ,time_posted_epoch) VALUES(?,?,?) [22001-214]
[ERROR] Tests run: 20, Failures: 3, Errors: 0, Skipped: 0, Time elapsed: 20.87 s <<< FAILURE! - in MessagingIntegrationTest
[ERROR] MessagingIntegrationTest.deleteMessageNonExistentMessageTest  Time elapsed: 1.037 s  <<< FAILURE!
java.lang.AssertionError
	at org.junit.Assert.fail(Assert.java:87)
	at org.junit.Assert.assertTrue(Assert.java:42)
	at org.junit.Assert.assertTrue(Assert.java:53)
	at MessagingIntegrationTest.deleteMessageNonExistentMessageTest(MessagingIntegrationTest.java:393)
	at java.base/jdk.internal.reflect.NativeMethodAccessorImpl.invoke0(Native Method)
	at java.base/jdk.internal.reflect.NativeMethodAccessorImpl.invoke(NativeMethodAccessorImpl.java:62)
	at java.base/jdk.internal.reflect.DelegatingMethodAccessorImpl.invoke(DelegatingMethodAccessorImpl.java:43)
	at java.base/java.lang.reflect.Method.invoke(Method.java:566)
	at org.junit.runners.model.FrameworkMethod$1.runReflectiveCall(FrameworkMethod.java:59)
	at org.junit.internal.runners.model.ReflectiveCallable.run(ReflectiveCallable.java:12)
	at org.junit.runners.model.FrameworkMethod.invokeExplosively(FrameworkMethod.java:56)
	at org.junit.internal.runners.statements.InvokeMethod.evaluate(InvokeMethod.java:17)
	at org.junit.internal.runners.statements.RunBefores.evaluate(RunBefores.java:26)
	at org.junit.internal.runners.statements.RunAfters.evaluate(RunAfters.java:27)
	at org.junit.runners.ParentRunner$3.evaluate(ParentRunner.java:306)
	at org.junit.runners.BlockJUnit4ClassRunner$1.evaluate(BlockJUnit4ClassRunner.java:100)
	at org.junit.runners.ParentRunner.runLeaf(ParentRunner.java:366)
	at org.junit.runners.BlockJUnit4ClassRunner.runChild(BlockJUnit4ClassRunner.java:103)
	at org.junit.runners.BlockJUnit4ClassRunner.runChild(BlockJUnit4ClassRunner.java:63)
	at org.junit.runners.ParentRunner$4.run(ParentRunner.java:331)
	at org.junit.runners.ParentRunner$1.schedule(ParentRunner.java:79)
	at org.junit.runners.ParentRunner.runChildren(ParentRunner.java:329)
	at org.junit.runners.ParentRunner.access$100(ParentRunner.java:66)
	at org.junit.runners.ParentRunner$2.evaluate(ParentRunner.java:293)
	at org.junit.runners.ParentRunner$3.evaluate(ParentRunner.java:306)
	at org.junit.runners.ParentRunner.run(ParentRunner.java:413)
	at org.junit.runners.Suite.runChild(Suite.java:128)
	at org.junit.runners.Suite.runChild(Suite.java:27)
	at org.junit.runners.ParentRunner$4.run(ParentRunner.java:331)
	at org.junit.runners.ParentRunner$1.schedule(ParentRunner.java:79)
	at org.junit.runners.ParentRunner.runChildren(ParentRunner.java:329)
	at org.junit.runners.ParentRunner.access$100(ParentRunner.java:66)
	at org.junit.runners.ParentRunner$2.evaluate(ParentRunner.java:293)
	at org.junit.runners.ParentRunner$3.evaluate(ParentRunner.java:306)
	at org.junit.runners.ParentRunner.run(ParentRunner.java:413)
	at org.apache.maven.surefire.junitcore.JUnitCore.run(JUnitCore.java:55)
	at org.apache.maven.surefire.junitcore.JUnitCoreWrapper.createRequestAndRun(JUnitCoreWrapper.java:137)
	at org.apache.maven.surefire.junitcore.JUnitCoreWrapper.executeEager(JUnitCoreWrapper.java:107)
	at org.apache.maven.surefire.junitcore.JUnitCoreWrapper.execute(JUnitCoreWrapper.java:83)
	at org.apache.maven.surefire.junitcore.JUnitCoreWrapper.execute(JUnitCoreWrapper.java:75)
	at org.apache.maven.surefire.junitcore.JUnitCoreProvider.invoke(JUnitCoreProvider.java:158)
	at org.apache.maven.surefire.booter.ForkedBooter.runSuitesInProcess(ForkedBooter.java:456)
	at org.apache.maven.surefire.booter.ForkedBooter.execute(ForkedBooter.java:169)
	at org.apache.maven.surefire.booter.ForkedBooter.run(ForkedBooter.java:595)
	at org.apache.maven.surefire.booter.ForkedBooter.main(ForkedBooter.java:581)

[ERROR] MessagingIntegrationTest.postManyAccountsAndMessagesThenGetMessagesByAccountIdTest  Time elapsed: 1.061 s  <<< FAILURE!
java.lang.AssertionError: expected:<200> but was:<404>
	at org.junit.Assert.fail(Assert.java:89)
	at org.junit.Assert.failNotEquals(Assert.java:835)
	at org.junit.Assert.assertEquals(Assert.java:647)
	at org.junit.Assert.assertEquals(Assert.java:633)
	at MessagingIntegrationTest.postManyAccountsAndMessagesThenGetMessagesByAccountIdTest(MessagingIntegrationTest.java:356)
	at java.base/jdk.internal.reflect.NativeMethodAccessorImpl.invoke0(Native Method)
	at java.base/jdk.internal.reflect.NativeMethodAccessorImpl.invoke(NativeMethodAccessorImpl.java:62)
	at java.base/jdk.internal.reflect.DelegatingMethodAccessorImpl.invoke(DelegatingMethodAccessorImpl.java:43)
	at java.base/java.lang.reflect.Method.invoke(Method.java:566)
	at org.junit.runners.model.FrameworkMethod$1.runReflectiveCall(FrameworkMethod.java:59)
	at org.junit.internal.runners.model.ReflectiveCallable.run(ReflectiveCallable.java:12)
	at org.junit.runners.model.FrameworkMethod.invokeExplosively(FrameworkMethod.java:56)
	at org.junit.internal.runners.statements.InvokeMethod.evaluate(InvokeMethod.java:17)
	at org.junit.internal.runners.statements.RunBefores.evaluate(RunBefores.java:26)
	at org.junit.internal.runners.statements.RunAfters.evaluate(RunAfters.java:27)
	at org.junit.runners.ParentRunner$3.evaluate(ParentRunner.java:306)
	at org.junit.runners.BlockJUnit4ClassRunner$1.evaluate(BlockJUnit4ClassRunner.java:100)
	at org.junit.runners.ParentRunner.runLeaf(ParentRunner.java:366)
	at org.junit.runners.BlockJUnit4ClassRunner.runChild(BlockJUnit4ClassRunner.java:103)
	at org.junit.runners.BlockJUnit4ClassRunner.runChild(BlockJUnit4ClassRunner.java:63)
	at org.junit.runners.ParentRunner$4.run(ParentRunner.java:331)
	at org.junit.runners.ParentRunner$1.schedule(ParentRunner.java:79)
	at org.junit.runners.ParentRunner.runChildren(ParentRunner.java:329)
	at org.junit.runners.ParentRunner.access$100(ParentRunner.java:66)
	at org.junit.runners.ParentRunner$2.evaluate(ParentRunner.java:293)
	at org.junit.runners.ParentRunner$3.evaluate(ParentRunner.java:306)
	at org.junit.runners.ParentRunner.run(ParentRunner.java:413)
	at org.junit.runners.Suite.runChild(Suite.java:128)
	at org.junit.runners.Suite.runChild(Suite.java:27)
	at org.junit.runners.ParentRunner$4.run(ParentRunner.java:331)
	at org.junit.runners.ParentRunner$1.schedule(ParentRunner.java:79)
	at org.junit.runners.ParentRunner.runChildren(ParentRunner.java:329)
	at org.junit.runners.ParentRunner.access$100(ParentRunner.java:66)
	at org.junit.runners.ParentRunner$2.evaluate(ParentRunner.java:293)
	at org.junit.runners.ParentRunner$3.evaluate(ParentRunner.java:306)
	at org.junit.runners.ParentRunner.run(ParentRunner.java:413)
	at org.apache.maven.surefire.junitcore.JUnitCore.run(JUnitCore.java:55)
	at org.apache.maven.surefire.junitcore.JUnitCoreWrapper.createRequestAndRun(JUnitCoreWrapper.java:137)
	at org.apache.maven.surefire.junitcore.JUnitCoreWrapper.executeEager(JUnitCoreWrapper.java:107)
	at org.apache.maven.surefire.junitcore.JUnitCoreWrapper.execute(JUnitCoreWrapper.java:83)
	at org.apache.maven.surefire.junitcore.JUnitCoreWrapper.execute(JUnitCoreWrapper.java:75)
	at org.apache.maven.surefire.junitcore.JUnitCoreProvider.invoke(JUnitCoreProvider.java:158)
	at org.apache.maven.surefire.booter.ForkedBooter.runSuitesInProcess(ForkedBooter.java:456)
	at org.apache.maven.surefire.booter.ForkedBooter.execute(ForkedBooter.java:169)
	at org.apache.maven.surefire.booter.ForkedBooter.run(ForkedBooter.java:595)
	at org.apache.maven.surefire.booter.ForkedBooter.main(ForkedBooter.java:581)

[ERROR] MessagingIntegrationTest.getMessagesByAccountIdEmpty  Time elapsed: 1.028 s  <<< FAILURE!
java.lang.AssertionError: expected:<200> but was:<404>
	at org.junit.Assert.fail(Assert.java:89)
	at org.junit.Assert.failNotEquals(Assert.java:835)
	at org.junit.Assert.assertEquals(Assert.java:647)
	at org.junit.Assert.assertEquals(Assert.java:633)
	at MessagingIntegrationTest.getMessagesByAccountIdEmpty(MessagingIntegrationTest.java:334)
	at java.base/jdk.internal.reflect.NativeMethodAccessorImpl.invoke0(Native Method)
	at java.base/jdk.internal.reflect.NativeMethodAccessorImpl.invoke(NativeMethodAccessorImpl.java:62)
	at java.base/jdk.internal.reflect.DelegatingMethodAccessorImpl.invoke(DelegatingMethodAccessorImpl.java:43)
	at java.base/java.lang.reflect.Method.invoke(Method.java:566)
	at org.junit.runners.model.FrameworkMethod$1.runReflectiveCall(FrameworkMethod.java:59)
	at org.junit.internal.runners.model.ReflectiveCallable.run(ReflectiveCallable.java:12)
	at org.junit.runners.model.FrameworkMethod.invokeExplosively(FrameworkMethod.java:56)
	at org.junit.internal.runners.statements.InvokeMethod.evaluate(InvokeMethod.java:17)
	at org.junit.internal.runners.statements.RunBefores.evaluate(RunBefores.java:26)
	at org.junit.internal.runners.statements.RunAfters.evaluate(RunAfters.java:27)
	at org.junit.runners.ParentRunner$3.evaluate(ParentRunner.java:306)
	at org.junit.runners.BlockJUnit4ClassRunner$1.evaluate(BlockJUnit4ClassRunner.java:100)
	at org.junit.runners.ParentRunner.runLeaf(ParentRunner.java:366)
	at org.junit.runners.BlockJUnit4ClassRunner.runChild(BlockJUnit4ClassRunner.java:103)
	at org.junit.runners.BlockJUnit4ClassRunner.runChild(BlockJUnit4ClassRunner.java:63)
	at org.junit.runners.ParentRunner$4.run(ParentRunner.java:331)
	at org.junit.runners.ParentRunner$1.schedule(ParentRunner.java:79)
	at org.junit.runners.ParentRunner.runChildren(ParentRunner.java:329)
	at org.junit.runners.ParentRunner.access$100(ParentRunner.java:66)
	at org.junit.runners.ParentRunner$2.evaluate(ParentRunner.java:293)
	at org.junit.runners.ParentRunner$3.evaluate(ParentRunner.java:306)
	at org.junit.runners.ParentRunner.run(ParentRunner.java:413)
	at org.junit.runners.Suite.runChild(Suite.java:128)
	at org.junit.runners.Suite.runChild(Suite.java:27)
	at org.junit.runners.ParentRunner$4.run(ParentRunner.java:331)
	at org.junit.runners.ParentRunner$1.schedule(ParentRunner.java:79)
	at org.junit.runners.ParentRunner.runChildren(ParentRunner.java:329)
	at org.junit.runners.ParentRunner.access$100(ParentRunner.java:66)
	at org.junit.runners.ParentRunner$2.evaluate(ParentRunner.java:293)
	at org.junit.runners.ParentRunner$3.evaluate(ParentRunner.java:306)
	at org.junit.runners.ParentRunner.run(ParentRunner.java:413)
	at org.apache.maven.surefire.junitcore.JUnitCore.run(JUnitCore.java:55)
	at org.apache.maven.surefire.junitcore.JUnitCoreWrapper.createRequestAndRun(JUnitCoreWrapper.java:137)
	at org.apache.maven.surefire.junitcore.JUnitCoreWrapper.executeEager(JUnitCoreWrapper.java:107)
	at org.apache.maven.surefire.junitcore.JUnitCoreWrapper.execute(JUnitCoreWrapper.java:83)
	at org.apache.maven.surefire.junitcore.JUnitCoreWrapper.execute(JUnitCoreWrapper.java:75)
	at org.apache.maven.surefire.junitcore.JUnitCoreProvider.invoke(JUnitCoreProvider.java:158)
	at org.apache.maven.surefire.booter.ForkedBooter.runSuitesInProcess(ForkedBooter.java:456)
	at org.apache.maven.surefire.booter.ForkedBooter.execute(ForkedBooter.java:169)
	at org.apache.maven.surefire.booter.ForkedBooter.run(ForkedBooter.java:595)
	at org.apache.maven.surefire.booter.ForkedBooter.main(ForkedBooter.java:581)

[INFO] 
[INFO] Results:
[INFO] 
[ERROR] Failures: 
[ERROR]   MessagingIntegrationTest.deleteMessageNonExistentMessageTest:393
[ERROR]   MessagingIntegrationTest.getMessagesByAccountIdEmpty:334 expected:<200> but was:<404>
[ERROR]   MessagingIntegrationTest.postManyAccountsAndMessagesThenGetMessagesByAccountIdTest:356 expected:<200> but was:<404>
[INFO] 
[ERROR] Tests run: 27, Failures: 3, Errors: 0, Skipped: 0
[INFO] 
[INFO] ------------------------------------------------------------------------
[INFO] BUILD FAILURE
[INFO] ------------------------------------------------------------------------
[INFO] Total time:  45.425 s
[INFO] Finished at: 2023-02-14T17:38:13Z
[INFO] ------------------------------------------------------------------------
[ERROR] Failed to execute goal org.apache.maven.plugins:maven-surefire-plugin:3.0.0-M7:test (default-test) on project Challenges: There are test failures.
[ERROR] 
[ERROR] Please refer to /workspace/iceage31580-pep-project/target/surefire-reports for the individual test results.
[ERROR] Please refer to dump files (if any exist) [date].dump, [date]-jvmRun[N].dump and [date].dumpstream.
[ERROR] -> [Help 1]
[ERROR] 
[ERROR] To see the full stack trace of the errors, re-run Maven with the -e switch.
[ERROR] Re-run Maven using the -X switch to enable full debug logging.
[ERROR] 
[ERROR] For more information about the errors and possible solutions, please read the following articles:
[ERROR] [Help 1] http://cwiki.apache.org/confluence/display/MAVEN/MojoFailureException
